  [1m[36m (5.0ms)[0m  [1mCREATE TABLE "schema_migrations" ("version" character varying NOT NULL) [0m
  [1m[35m (1.8ms)[0m  CREATE UNIQUE INDEX  "unique_schema_migrations" ON "schema_migrations"  ("version")
  [1m[36mActiveRecord::SchemaMigration Load (0.6ms)[0m  [1mSELECT "schema_migrations".* FROM "schema_migrations"[0m
Migrating to CreateMessages (20160316103123)
  [1m[35m (0.2ms)[0m  BEGIN
  [1m[36m (6.4ms)[0m  [1mCREATE TABLE "messages" ("id" serial primary key, "title" character varying, "description" text, "created_at" timestamp NOT NULL, "updated_at" timestamp NOT NULL) [0m
  [1m[35mSQL (0.5ms)[0m  INSERT INTO "schema_migrations" ("version") VALUES ($1)  [["version", "20160316103123"]]
  [1m[36m (1.0ms)[0m  [1mCOMMIT[0m
Migrating to DeviseCreateUsers (20160316112534)
  [1m[35m (0.3ms)[0m  BEGIN
  [1m[36m (7.0ms)[0m  [1mCREATE TABLE "users" ("id" serial primary key, "email" character varying DEFAULT '' NOT NULL, "encrypted_password" character varying DEFAULT '' NOT NULL, "reset_password_token" character varying, "reset_password_sent_at" timestamp, "remember_created_at" timestamp, "sign_in_count" integer DEFAULT 0 NOT NULL, "current_sign_in_at" timestamp, "last_sign_in_at" timestamp, "current_sign_in_ip" character varying, "last_sign_in_ip" character varying, "created_at" timestamp NOT NULL, "updated_at" timestamp NOT NULL) [0m
  [1m[35m (1.4ms)[0m  CREATE UNIQUE INDEX  "index_users_on_email" ON "users"  ("email")
  [1m[36m (3.8ms)[0m  [1mCREATE UNIQUE INDEX  "index_users_on_reset_password_token" ON "users"  ("reset_password_token")[0m
  [1m[35mSQL (0.3ms)[0m  INSERT INTO "schema_migrations" ("version") VALUES ($1)  [["version", "20160316112534"]]
  [1m[36m (0.6ms)[0m  [1mCOMMIT[0m
Migrating to AddUserIdToMessages (20160316114016)
  [1m[35m (0.3ms)[0m  BEGIN
  [1m[36m (0.6ms)[0m  [1mALTER TABLE "messages" ADD "user_id" integer[0m
  [1m[35mSQL (0.2ms)[0m  INSERT INTO "schema_migrations" ("version") VALUES ($1)  [["version", "20160316114016"]]
  [1m[36m (0.4ms)[0m  [1mCOMMIT[0m
Migrating to CreateComments (20160316114920)
  [1m[35m (0.2ms)[0m  BEGIN
  [1m[36m (5.4ms)[0m  [1mCREATE TABLE "comments" ("id" serial primary key, "content" text, "message_id" integer, "user_id" integer, "created_at" timestamp NOT NULL, "updated_at" timestamp NOT NULL) [0m
  [1m[35m (1.5ms)[0m  CREATE  INDEX  "index_comments_on_message_id" ON "comments"  ("message_id")
  [1m[36m (1.9ms)[0m  [1mCREATE  INDEX  "index_comments_on_user_id" ON "comments"  ("user_id")[0m
  [1m[35m (3.1ms)[0m  ALTER TABLE "comments" ADD CONSTRAINT "fk_rails_6c909d51ab"
FOREIGN KEY ("message_id")
  REFERENCES "messages" ("id")

  [1m[36m (2.2ms)[0m  [1mALTER TABLE "comments" ADD CONSTRAINT "fk_rails_03de2dc08c"
FOREIGN KEY ("user_id")
  REFERENCES "users" ("id")
[0m
  [1m[35mSQL (0.3ms)[0m  INSERT INTO "schema_migrations" ("version") VALUES ($1)  [["version", "20160316114920"]]
  [1m[36m (0.6ms)[0m  [1mCOMMIT[0m
  [1m[35mActiveRecord::SchemaMigration Load (0.3ms)[0m  SELECT "schema_migrations".* FROM "schema_migrations"
  [1m[36m (6.6ms)[0m  [1mSELECT t2.oid::regclass::text AS to_table, a1.attname AS column, a2.attname AS primary_key, c.conname AS name, c.confupdtype AS on_update, c.confdeltype AS on_delete
FROM pg_constraint c
JOIN pg_class t1 ON c.conrelid = t1.oid
JOIN pg_class t2 ON c.confrelid = t2.oid
JOIN pg_attribute a1 ON a1.attnum = c.conkey[1] AND a1.attrelid = t1.oid
JOIN pg_attribute a2 ON a2.attnum = c.confkey[1] AND a2.attrelid = t2.oid
JOIN pg_namespace t3 ON c.connamespace = t3.oid
WHERE c.contype = 'f'
  AND t1.relname = 'comments'
  AND t3.nspname = ANY (current_schemas(false))
ORDER BY c.conname
[0m
  [1m[35m (7.9ms)[0m  SELECT t2.oid::regclass::text AS to_table, a1.attname AS column, a2.attname AS primary_key, c.conname AS name, c.confupdtype AS on_update, c.confdeltype AS on_delete
FROM pg_constraint c
JOIN pg_class t1 ON c.conrelid = t1.oid
JOIN pg_class t2 ON c.confrelid = t2.oid
JOIN pg_attribute a1 ON a1.attnum = c.conkey[1] AND a1.attrelid = t1.oid
JOIN pg_attribute a2 ON a2.attnum = c.confkey[1] AND a2.attrelid = t2.oid
JOIN pg_namespace t3 ON c.connamespace = t3.oid
WHERE c.contype = 'f'
  AND t1.relname = 'messages'
  AND t3.nspname = ANY (current_schemas(false))
ORDER BY c.conname

  [1m[36m (7.1ms)[0m  [1mSELECT t2.oid::regclass::text AS to_table, a1.attname AS column, a2.attname AS primary_key, c.conname AS name, c.confupdtype AS on_update, c.confdeltype AS on_delete
FROM pg_constraint c
JOIN pg_class t1 ON c.conrelid = t1.oid
JOIN pg_class t2 ON c.confrelid = t2.oid
JOIN pg_attribute a1 ON a1.attnum = c.conkey[1] AND a1.attrelid = t1.oid
JOIN pg_attribute a2 ON a2.attnum = c.confkey[1] AND a2.attrelid = t2.oid
JOIN pg_namespace t3 ON c.connamespace = t3.oid
WHERE c.contype = 'f'
  AND t1.relname = 'users'
  AND t3.nspname = ANY (current_schemas(false))
ORDER BY c.conname
[0m
  [1m[36mActiveRecord::SchemaMigration Load (0.4ms)[0m  [1mSELECT "schema_migrations".* FROM "schema_migrations"[0m


Started GET "/" for ::1 at 2016-03-29 15:54:18 -0400
  [1m[36mActiveRecord::SchemaMigration Load (0.5ms)[0m  [1mSELECT "schema_migrations".* FROM "schema_migrations"[0m
Processing by MessagesController#index as HTML
  [1m[35mMessage Load (1.1ms)[0m  SELECT "messages".* FROM "messages"  ORDER BY created_at DESC
  Rendered messages/index.html.erb within layouts/application (5.3ms)
Completed 200 OK in 4605ms (Views: 4587.8ms | ActiveRecord: 2.1ms)


Started GET "/" for ::1 at 2016-03-29 15:54:23 -0400
Processing by MessagesController#index as HTML
  [1m[36mMessage Load (0.4ms)[0m  [1mSELECT "messages".* FROM "messages"  ORDER BY created_at DESC[0m
  Rendered messages/index.html.erb within layouts/application (1.0ms)
Completed 200 OK in 40ms (Views: 38.8ms | ActiveRecord: 0.4ms)


Started GET "/assets/application.self-cca2456eaa2aa0757fb22a580f38171acb6c61291bbc8ac00bab323b256d0daf.css?body=1" for ::1 at 2016-03-29 15:54:23 -0400


Started GET "/assets/comments.self-877aef30ae1b040ab8a3aba4e3e309a11d7f2612f44dde450b5c157aa5f95c05.js?body=1" for ::1 at 2016-03-29 15:54:23 -0400


Started GET "/assets/bootstrap/button.self-e74d33ba39500940a78d6fa4d2d64f6ca7fd86d60a2149641f7fde7ba711d8a1.js?body=1" for ::1 at 2016-03-29 15:54:23 -0400


Started GET "/assets/jquery.self-660adc51e0224b731d29f575a6f1ec167ba08ad06ed5deca4f1e8654c135bf4c.js?body=1" for ::1 at 2016-03-29 15:54:23 -0400


Started GET "/assets/messages.self-877aef30ae1b040ab8a3aba4e3e309a11d7f2612f44dde450b5c157aa5f95c05.js?body=1" for ::1 at 2016-03-29 15:54:23 -0400


Started GET "/assets/bootstrap/alert.self-d8b7bd612b3dcfdefb7b5539b9d5848d66ccbd3e7af8bb8d48bfb3288aaa7be8.js?body=1" for ::1 at 2016-03-29 15:54:23 -0400


Started GET "/assets/bootstrap/affix.self-3555752f8a930795ee9e56751a52e6871104ae85d01b3ab8363da3802a5ecc78.js?body=1" for ::1 at 2016-03-29 15:54:23 -0400


Started GET "/assets/turbolinks.self-c37727e9bd6b2735da5c311aa83fead54ed0be6cc8bd9a65309e9c5abe2cbfff.js?body=1" for ::1 at 2016-03-29 15:54:23 -0400


Started GET "/assets/jquery_ujs.self-e87806d0cf4489aeb1bb7288016024e8de67fd18db693fe026fe3907581e53cd.js?body=1" for ::1 at 2016-03-29 15:54:23 -0400


Started GET "/assets/bootstrap/carousel.self-35d204878d906298e55bc24553e11fd89b980fc4ffe5792fe36af8c0da289c54.js?body=1" for ::1 at 2016-03-29 15:54:23 -0400


Started GET "/assets/bootstrap/collapse.self-056c40532d9f0f126ec17e839f60c942f573fbd61a086e7f156306e3fc5e8c1f.js?body=1" for ::1 at 2016-03-29 15:54:23 -0400


Started GET "/assets/bootstrap/dropdown.self-e56c2ffee4618411d43ecf15c89273f6223847ad756e1cd17545d04afa732ed4.js?body=1" for ::1 at 2016-03-29 15:54:23 -0400


Started GET "/assets/bootstrap/modal.self-62463080dba6b9d024ff0a3192da0e76eacbc683194f3395047c6f5cfa0acb59.js?body=1" for ::1 at 2016-03-29 15:54:23 -0400


Started GET "/assets/bootstrap/scrollspy.self-52afd90e8ba97d9f08617a13986e8869d6c4a45751c0bff59a6f91241e722aca.js?body=1" for ::1 at 2016-03-29 15:54:23 -0400


Started GET "/assets/bootstrap/tab.self-dad0d5c377f9fae26394484535ebb23ccf68afae084f896af6ea4cdf8c9f6ae0.js?body=1" for ::1 at 2016-03-29 15:54:23 -0400


Started GET "/assets/bootstrap/transition.self-3b268d4cd8c79e46ded7392885f72f64ffb5b0d49948a12b8cf9779f6163e13a.js?body=1" for ::1 at 2016-03-29 15:54:23 -0400


Started GET "/assets/bootstrap/tooltip.self-facdc69246a072acb927ded77ff655f7c27a518b9357fddd45d119fbc8a0ab9f.js?body=1" for ::1 at 2016-03-29 15:54:23 -0400


Started GET "/assets/bootstrap/popover.self-210cff1fb4b72b71a29b5122180cb5937c8145cd13a934dc838280f1d9607a3e.js?body=1" for ::1 at 2016-03-29 15:54:23 -0400


Started GET "/assets/application.self-f8806224e027f3e3f0138ea9ce99319e298dfdb323304d1f1be6eae8e8c74724.js?body=1" for ::1 at 2016-03-29 15:54:23 -0400


Started GET "/assets/bootstrap-sprockets.self-fbfa5ad7d9aa0afe439ec4ff3883acc4cb92b62cb67c40d674320c9aa1d4642d.js?body=1" for ::1 at 2016-03-29 15:54:23 -0400


Started GET "/users/sign_in" for ::1 at 2016-03-29 15:54:29 -0400
Processing by Devise::SessionsController#new as HTML
  Rendered devise/shared/_links.html.erb (7.3ms)
  Rendered devise/sessions/new.html.erb within layouts/application (63.0ms)
Completed 200 OK in 128ms (Views: 113.0ms | ActiveRecord: 3.7ms)


Started GET "/users/sign_up" for ::1 at 2016-03-29 15:54:30 -0400
Processing by Devise::RegistrationsController#new as HTML
  Rendered devise/shared/_links.html.erb (7.5ms)
  Rendered devise/registrations/new.html.erb within layouts/application (25.7ms)
Completed 200 OK in 106ms (Views: 104.5ms | ActiveRecord: 0.0ms)


Started POST "/users" for ::1 at 2016-03-29 15:54:36 -0400
Processing by Devise::RegistrationsController#create as HTML
  Parameters: {"utf8"=>"✓", "authenticity_token"=>"han+HdcRweLiu+Yh6WQ2C8ff8HlXEZq42lZwceyMs6FZRSjR+N80BaouR2sCwVY5YNn6If/K7CHnuReA+dIefA==", "user"=>{"email"=>"beckybeauchamp1@gmail.com", "password"=>"[FILTERED]", "password_confirmation"=>"[FILTERED]"}, "commit"=>"Sign up"}
  [1m[35m (0.1ms)[0m  BEGIN
  [1m[36mUser Exists (1.0ms)[0m  [1mSELECT  1 AS one FROM "users" WHERE "users"."email" = 'beckybeauchamp1@gmail.com' LIMIT 1[0m
  [1m[35m (0.3ms)[0m  ROLLBACK
  Rendered devise/shared/_links.html.erb (2.0ms)
  Rendered devise/registrations/new.html.erb within layouts/application (14.6ms)
Completed 200 OK in 225ms (Views: 81.4ms | ActiveRecord: 1.4ms)


Started POST "/users" for ::1 at 2016-03-29 15:54:42 -0400
Processing by Devise::RegistrationsController#create as HTML
  Parameters: {"utf8"=>"✓", "authenticity_token"=>"3HWT3eZ3qWRFrS+T1VybjYvjr1pcZDC0JZ8h6207v74AmUURyblcgw04jtk++fu/LOWlAvS/Ri0YcEYaeGUSYw==", "user"=>{"email"=>"beckybeauchamp1@gmail.com", "password"=>"[FILTERED]", "password_confirmation"=>"[FILTERED]"}, "commit"=>"Sign up"}
  [1m[36m (0.4ms)[0m  [1mBEGIN[0m
  [1m[35mUser Exists (0.4ms)[0m  SELECT  1 AS one FROM "users" WHERE "users"."email" = 'beckybeauchamp1@gmail.com' LIMIT 1
  [1m[36m (0.1ms)[0m  [1mROLLBACK[0m
  Rendered devise/shared/_links.html.erb (4.7ms)
  Rendered devise/registrations/new.html.erb within layouts/application (21.2ms)
Completed 200 OK in 215ms (Views: 116.2ms | ActiveRecord: 0.9ms)


Started POST "/users" for ::1 at 2016-03-29 15:54:48 -0400
Processing by Devise::RegistrationsController#create as HTML
  Parameters: {"utf8"=>"✓", "authenticity_token"=>"Hrwd8tX60B5m6N5MihsoIMAW24yg/RpoOEW0OyowUC7CUMs++jQl+S59fwZhvkgSZxDR1AgmbPEFqtPKP2798w==", "user"=>{"email"=>"beckybeauchamp1@gmail.com", "password"=>"[FILTERED]", "password_confirmation"=>"[FILTERED]"}, "commit"=>"Sign up"}
  [1m[35m (2.5ms)[0m  BEGIN
  [1m[36mUser Exists (0.6ms)[0m  [1mSELECT  1 AS one FROM "users" WHERE "users"."email" = 'beckybeauchamp1@gmail.com' LIMIT 1[0m
  [1m[35m (0.1ms)[0m  ROLLBACK
  Rendered devise/shared/_links.html.erb (3.3ms)
  Rendered devise/registrations/new.html.erb within layouts/application (18.7ms)
Completed 200 OK in 191ms (Views: 92.0ms | ActiveRecord: 3.2ms)


Started POST "/users" for ::1 at 2016-03-29 15:54:57 -0400
Processing by Devise::RegistrationsController#create as HTML
  Parameters: {"utf8"=>"✓", "authenticity_token"=>"BlnAjl4+HmCwujDYekz7agSnMf3NMo6239Gi6edIWG7atRZCcfDrh/gvkZKR6ZtYo6E7pWXp+C/iPsUY8hb1sw==", "user"=>{"email"=>"beckybeauchamp1@gmail.com", "password"=>"[FILTERED]", "password_confirmation"=>"[FILTERED]"}, "commit"=>"Sign up"}
  [1m[36m (0.2ms)[0m  [1mBEGIN[0m
  [1m[35mUser Exists (0.3ms)[0m  SELECT  1 AS one FROM "users" WHERE "users"."email" = 'beckybeauchamp1@gmail.com' LIMIT 1
  [1m[36mSQL (0.6ms)[0m  [1mINSERT INTO "users" ("email", "encrypted_password", "created_at", "updated_at") VALUES ($1, $2, $3, $4) RETURNING "id"[0m  [["email", "beckybeauchamp1@gmail.com"], ["encrypted_password", "$2a$10$zwQpkXNU12pGGqXTg7xlqeZjJAKz/M6WlBo6An4MJv6L52UBh6JG6"], ["created_at", "2016-03-29 19:54:57.718567"], ["updated_at", "2016-03-29 19:54:57.718567"]]
  [1m[35m (7.9ms)[0m  COMMIT
  [1m[36m (0.1ms)[0m  [1mBEGIN[0m
  [1m[35mSQL (0.4ms)[0m  UPDATE "users" SET "last_sign_in_at" = $1, "current_sign_in_at" = $2, "last_sign_in_ip" = $3, "current_sign_in_ip" = $4, "sign_in_count" = $5, "updated_at" = $6 WHERE "users"."id" = $7  [["last_sign_in_at", "2016-03-29 19:54:57.729940"], ["current_sign_in_at", "2016-03-29 19:54:57.729940"], ["last_sign_in_ip", "::1"], ["current_sign_in_ip", "::1"], ["sign_in_count", 1], ["updated_at", "2016-03-29 19:54:57.730621"], ["id", 1]]
  [1m[36m (0.4ms)[0m  [1mCOMMIT[0m
Redirected to http://localhost:3000/
Completed 302 Found in 116ms (ActiveRecord: 10.1ms)


Started GET "/" for ::1 at 2016-03-29 15:54:57 -0400
Processing by MessagesController#index as HTML
  [1m[35mMessage Load (0.3ms)[0m  SELECT "messages".* FROM "messages"  ORDER BY created_at DESC
  Rendered messages/index.html.erb within layouts/application (0.8ms)
  [1m[36mUser Load (0.5ms)[0m  [1mSELECT  "users".* FROM "users" WHERE "users"."id" = $1  ORDER BY "users"."id" ASC LIMIT 1[0m  [["id", 1]]
Completed 200 OK in 70ms (Views: 68.3ms | ActiveRecord: 0.8ms)


Started GET "/" for ::1 at 2016-03-29 15:54:59 -0400
Processing by MessagesController#index as HTML
  [1m[35mMessage Load (0.3ms)[0m  SELECT "messages".* FROM "messages"  ORDER BY created_at DESC
  Rendered messages/index.html.erb within layouts/application (1.3ms)
  [1m[36mUser Load (0.3ms)[0m  [1mSELECT  "users".* FROM "users" WHERE "users"."id" = $1  ORDER BY "users"."id" ASC LIMIT 1[0m  [["id", 1]]
Completed 200 OK in 79ms (Views: 77.4ms | ActiveRecord: 0.7ms)


Started GET "/messages/new" for ::1 at 2016-03-29 15:55:00 -0400
Processing by MessagesController#new as HTML
  [1m[35mUser Load (0.3ms)[0m  SELECT  "users".* FROM "users" WHERE "users"."id" = $1  ORDER BY "users"."id" ASC LIMIT 1  [["id", 1]]
  Rendered messages/_form.html.erb (11.1ms)
  Rendered messages/new.html.erb within layouts/application (13.4ms)
Completed 200 OK in 92ms (Views: 56.7ms | ActiveRecord: 1.1ms)


Started POST "/messages" for ::1 at 2016-03-29 15:55:09 -0400
Processing by MessagesController#create as HTML
  Parameters: {"utf8"=>"✓", "authenticity_token"=>"ZdKNNMCBREsrJY3DpcCiFDeRwVNfL3oW9vuxds2dWqG5Plv470+xrGOwLIlOZcImkJfLC/f0DI/LFNaH2MP3fA==", "message"=>{"title"=>"NEW Message", "description"=>"Example"}, "commit"=>"Create Message"}
  [1m[36mUser Load (1.2ms)[0m  [1mSELECT  "users".* FROM "users" WHERE "users"."id" = $1  ORDER BY "users"."id" ASC LIMIT 1[0m  [["id", 1]]
  [1m[35m (0.4ms)[0m  BEGIN
  [1m[36mSQL (0.6ms)[0m  [1mINSERT INTO "messages" ("title", "description", "user_id", "created_at", "updated_at") VALUES ($1, $2, $3, $4, $5) RETURNING "id"[0m  [["title", "NEW Message"], ["description", "Example"], ["user_id", 1], ["created_at", "2016-03-29 19:55:09.569174"], ["updated_at", "2016-03-29 19:55:09.569174"]]
  [1m[35m (0.3ms)[0m  COMMIT
Redirected to http://localhost:3000/
Completed 302 Found in 12ms (ActiveRecord: 2.5ms)


Started GET "/" for ::1 at 2016-03-29 15:55:09 -0400
Processing by MessagesController#index as HTML
  [1m[36mMessage Load (0.5ms)[0m  [1mSELECT "messages".* FROM "messages"  ORDER BY created_at DESC[0m
  Rendered messages/index.html.erb within layouts/application (1.5ms)
  [1m[35mUser Load (0.8ms)[0m  SELECT  "users".* FROM "users" WHERE "users"."id" = $1  ORDER BY "users"."id" ASC LIMIT 1  [["id", 1]]
Completed 200 OK in 78ms (Views: 76.2ms | ActiveRecord: 1.3ms)


Started GET "/" for ::1 at 2016-03-29 16:17:21 -0400
  [1m[36mActiveRecord::SchemaMigration Load (0.7ms)[0m  [1mSELECT "schema_migrations".* FROM "schema_migrations"[0m
Processing by MessagesController#index as HTML
  [1m[35mMessage Load (1.3ms)[0m  SELECT "messages".* FROM "messages"  ORDER BY "messages"."created_at" ASC
  Rendered messages/index.html.erb within layouts/application (14.7ms)
  [1m[36mUser Load (0.7ms)[0m  [1mSELECT  "users".* FROM "users" WHERE "users"."id" = $1  ORDER BY "users"."id" ASC LIMIT 1[0m  [["id", 1]]
Completed 200 OK in 469ms (Views: 446.7ms | ActiveRecord: 8.6ms)


Started GET "/messages/1" for ::1 at 2016-03-29 16:17:24 -0400
Processing by MessagesController#show as HTML
  Parameters: {"id"=>"1"}
  [1m[35mMessage Load (0.8ms)[0m  SELECT  "messages".* FROM "messages" WHERE "messages"."id" = $1 LIMIT 1  [["id", 1]]
  [1m[36mUser Load (0.8ms)[0m  [1mSELECT  "users".* FROM "users" WHERE "users"."id" = $1 LIMIT 1[0m  [["id", 1]]
  [1m[35mComment Load (1.0ms)[0m  SELECT "comments".* FROM "comments" WHERE "comments"."message_id" = $1  [["message_id", 1]]
  Rendered collection (0.0ms)
  Rendered comments/_form.html.erb (92.4ms)
  [1m[36mUser Load (0.3ms)[0m  [1mSELECT  "users".* FROM "users" WHERE "users"."id" = $1  ORDER BY "users"."id" ASC LIMIT 1[0m  [["id", 1]]
  Rendered messages/show.html.erb within layouts/application (170.4ms)
Completed 200 OK in 239ms (Views: 220.2ms | ActiveRecord: 5.7ms)


Started GET "/messages/new" for ::1 at 2016-03-29 16:17:27 -0400
Processing by MessagesController#new as HTML
  [1m[35mUser Load (0.4ms)[0m  SELECT  "users".* FROM "users" WHERE "users"."id" = $1  ORDER BY "users"."id" ASC LIMIT 1  [["id", 1]]
  Rendered messages/_form.html.erb (8.9ms)
  Rendered messages/new.html.erb within layouts/application (11.8ms)
Completed 200 OK in 70ms (Views: 52.1ms | ActiveRecord: 0.4ms)


Started POST "/messages" for ::1 at 2016-03-29 16:17:30 -0400
Processing by MessagesController#create as HTML
  Parameters: {"utf8"=>"✓", "authenticity_token"=>"bJcAzmclBaz1wiW1rTXf+StCHtj2ciEmWlBLuPJ0rkOwe9YCSOvwS71XhP9GkL/LjEQUgF6pV79nvyxJ5yoDng==", "message"=>{"title"=>"Example", "description"=>"asdasd"}, "commit"=>"Create Message"}
  [1m[36mUser Load (0.5ms)[0m  [1mSELECT  "users".* FROM "users" WHERE "users"."id" = $1  ORDER BY "users"."id" ASC LIMIT 1[0m  [["id", 1]]
  [1m[35m (0.4ms)[0m  BEGIN
  [1m[36mSQL (0.5ms)[0m  [1mINSERT INTO "messages" ("title", "description", "user_id", "created_at", "updated_at") VALUES ($1, $2, $3, $4, $5) RETURNING "id"[0m  [["title", "Example"], ["description", "asdasd"], ["user_id", 1], ["created_at", "2016-03-29 20:17:30.588292"], ["updated_at", "2016-03-29 20:17:30.588292"]]
  [1m[35m (0.4ms)[0m  COMMIT
Redirected to http://localhost:3000/
Completed 302 Found in 11ms (ActiveRecord: 1.8ms)


Started GET "/" for ::1 at 2016-03-29 16:17:30 -0400
Processing by MessagesController#index as HTML
  [1m[36mMessage Load (0.3ms)[0m  [1mSELECT "messages".* FROM "messages"  ORDER BY "messages"."created_at" ASC[0m
  Rendered messages/index.html.erb within layouts/application (1.2ms)
  [1m[35mUser Load (0.6ms)[0m  SELECT  "users".* FROM "users" WHERE "users"."id" = $1  ORDER BY "users"."id" ASC LIMIT 1  [["id", 1]]
Completed 200 OK in 63ms (Views: 61.2ms | ActiveRecord: 1.0ms)


Started GET "/" for ::1 at 2016-03-29 16:17:34 -0400
Processing by MessagesController#index as HTML
  [1m[36mMessage Load (0.4ms)[0m  [1mSELECT "messages".* FROM "messages"  ORDER BY "messages"."created_at" ASC[0m
  Rendered messages/index.html.erb within layouts/application (1.8ms)
  [1m[35mUser Load (0.4ms)[0m  SELECT  "users".* FROM "users" WHERE "users"."id" = $1  ORDER BY "users"."id" ASC LIMIT 1  [["id", 1]]
Completed 200 OK in 57ms (Views: 55.2ms | ActiveRecord: 0.8ms)


Started GET "/" for ::1 at 2016-03-29 16:17:34 -0400
Processing by MessagesController#index as HTML
  [1m[36mMessage Load (0.3ms)[0m  [1mSELECT "messages".* FROM "messages"  ORDER BY "messages"."created_at" ASC[0m
  Rendered messages/index.html.erb within layouts/application (1.1ms)
  [1m[35mUser Load (0.4ms)[0m  SELECT  "users".* FROM "users" WHERE "users"."id" = $1  ORDER BY "users"."id" ASC LIMIT 1  [["id", 1]]
Completed 200 OK in 51ms (Views: 49.5ms | ActiveRecord: 0.7ms)


Started GET "/" for ::1 at 2016-03-29 16:17:35 -0400
Processing by MessagesController#index as HTML
  [1m[36mMessage Load (0.4ms)[0m  [1mSELECT "messages".* FROM "messages"  ORDER BY "messages"."created_at" ASC[0m
  Rendered messages/index.html.erb within layouts/application (1.3ms)
  [1m[35mUser Load (0.2ms)[0m  SELECT  "users".* FROM "users" WHERE "users"."id" = $1  ORDER BY "users"."id" ASC LIMIT 1  [["id", 1]]
Completed 200 OK in 52ms (Views: 50.8ms | ActiveRecord: 0.7ms)


Started GET "/messages/new" for ::1 at 2016-03-29 16:17:36 -0400
Processing by MessagesController#new as HTML
  [1m[36mUser Load (0.4ms)[0m  [1mSELECT  "users".* FROM "users" WHERE "users"."id" = $1  ORDER BY "users"."id" ASC LIMIT 1[0m  [["id", 1]]
  Rendered messages/_form.html.erb (5.8ms)
  Rendered messages/new.html.erb within layouts/application (8.8ms)
Completed 200 OK in 58ms (Views: 54.7ms | ActiveRecord: 0.4ms)


Started POST "/messages" for ::1 at 2016-03-29 16:17:38 -0400
Processing by MessagesController#create as HTML
  Parameters: {"utf8"=>"✓", "authenticity_token"=>"7cp+merX5UL/HWDaw9tFOawMPhqvXxWmJSmeX0cgCmExJqhVxRkQpbeIwZAofiULCwo0QgeEYz8YxvmuUn6nvA==", "message"=>{"title"=>"adad", "description"=>"adasd"}, "commit"=>"Create Message"}
  [1m[35mUser Load (0.3ms)[0m  SELECT  "users".* FROM "users" WHERE "users"."id" = $1  ORDER BY "users"."id" ASC LIMIT 1  [["id", 1]]
  [1m[36m (0.3ms)[0m  [1mBEGIN[0m
  [1m[35mSQL (0.6ms)[0m  INSERT INTO "messages" ("title", "description", "user_id", "created_at", "updated_at") VALUES ($1, $2, $3, $4, $5) RETURNING "id"  [["title", "adad"], ["description", "adasd"], ["user_id", 1], ["created_at", "2016-03-29 20:17:38.553446"], ["updated_at", "2016-03-29 20:17:38.553446"]]
  [1m[36m (0.7ms)[0m  [1mCOMMIT[0m
Redirected to http://localhost:3000/
Completed 302 Found in 9ms (ActiveRecord: 1.9ms)


Started GET "/" for ::1 at 2016-03-29 16:17:38 -0400
Processing by MessagesController#index as HTML
  [1m[35mMessage Load (0.4ms)[0m  SELECT "messages".* FROM "messages"  ORDER BY "messages"."created_at" ASC
  Rendered messages/index.html.erb within layouts/application (1.4ms)
  [1m[36mUser Load (0.4ms)[0m  [1mSELECT  "users".* FROM "users" WHERE "users"."id" = $1  ORDER BY "users"."id" ASC LIMIT 1[0m  [["id", 1]]
Completed 200 OK in 63ms (Views: 61.9ms | ActiveRecord: 0.7ms)


Started GET "/" for ::1 at 2016-03-29 16:17:49 -0400
Processing by MessagesController#index as HTML
  [1m[35mMessage Load (0.3ms)[0m  SELECT "messages".* FROM "messages"  ORDER BY "messages"."created_at" ASC
  Rendered messages/index.html.erb within layouts/application (0.4ms)
  [1m[36mUser Load (0.4ms)[0m  [1mSELECT  "users".* FROM "users" WHERE "users"."id" = $1  ORDER BY "users"."id" ASC LIMIT 1[0m  [["id", 1]]
Completed 200 OK in 70ms (Views: 57.9ms | ActiveRecord: 5.0ms)


Started GET "/assets/turbolinks.self-c37727e9bd6b2735da5c311aa83fead54ed0be6cc8bd9a65309e9c5abe2cbfff.js?body=1" for ::1 at 2016-03-29 16:17:49 -0400


Started GET "/assets/comments.self-877aef30ae1b040ab8a3aba4e3e309a11d7f2612f44dde450b5c157aa5f95c05.js?body=1" for ::1 at 2016-03-29 16:17:49 -0400


Started GET "/assets/application.self-cca2456eaa2aa0757fb22a580f38171acb6c61291bbc8ac00bab323b256d0daf.css?body=1" for ::1 at 2016-03-29 16:17:49 -0400


Started GET "/assets/messages.self-877aef30ae1b040ab8a3aba4e3e309a11d7f2612f44dde450b5c157aa5f95c05.js?body=1" for ::1 at 2016-03-29 16:17:49 -0400


Started GET "/assets/jquery_ujs.self-e87806d0cf4489aeb1bb7288016024e8de67fd18db693fe026fe3907581e53cd.js?body=1" for ::1 at 2016-03-29 16:17:49 -0400


Started GET "/assets/jquery.self-660adc51e0224b731d29f575a6f1ec167ba08ad06ed5deca4f1e8654c135bf4c.js?body=1" for ::1 at 2016-03-29 16:17:49 -0400


Started GET "/assets/bootstrap/affix.self-3555752f8a930795ee9e56751a52e6871104ae85d01b3ab8363da3802a5ecc78.js?body=1" for ::1 at 2016-03-29 16:17:49 -0400


Started GET "/assets/bootstrap/alert.self-d8b7bd612b3dcfdefb7b5539b9d5848d66ccbd3e7af8bb8d48bfb3288aaa7be8.js?body=1" for ::1 at 2016-03-29 16:17:49 -0400


Started GET "/assets/bootstrap/button.self-e74d33ba39500940a78d6fa4d2d64f6ca7fd86d60a2149641f7fde7ba711d8a1.js?body=1" for ::1 at 2016-03-29 16:17:49 -0400


Started GET "/assets/bootstrap/carousel.self-35d204878d906298e55bc24553e11fd89b980fc4ffe5792fe36af8c0da289c54.js?body=1" for ::1 at 2016-03-29 16:17:49 -0400


Started GET "/assets/bootstrap/collapse.self-056c40532d9f0f126ec17e839f60c942f573fbd61a086e7f156306e3fc5e8c1f.js?body=1" for ::1 at 2016-03-29 16:17:49 -0400


Started GET "/assets/bootstrap/dropdown.self-e56c2ffee4618411d43ecf15c89273f6223847ad756e1cd17545d04afa732ed4.js?body=1" for ::1 at 2016-03-29 16:17:49 -0400


Started GET "/assets/bootstrap/modal.self-62463080dba6b9d024ff0a3192da0e76eacbc683194f3395047c6f5cfa0acb59.js?body=1" for ::1 at 2016-03-29 16:17:49 -0400


Started GET "/assets/bootstrap/scrollspy.self-52afd90e8ba97d9f08617a13986e8869d6c4a45751c0bff59a6f91241e722aca.js?body=1" for ::1 at 2016-03-29 16:17:49 -0400


Started GET "/assets/bootstrap/tab.self-dad0d5c377f9fae26394484535ebb23ccf68afae084f896af6ea4cdf8c9f6ae0.js?body=1" for ::1 at 2016-03-29 16:17:49 -0400


Started GET "/assets/bootstrap/transition.self-3b268d4cd8c79e46ded7392885f72f64ffb5b0d49948a12b8cf9779f6163e13a.js?body=1" for ::1 at 2016-03-29 16:17:49 -0400


Started GET "/assets/bootstrap/tooltip.self-facdc69246a072acb927ded77ff655f7c27a518b9357fddd45d119fbc8a0ab9f.js?body=1" for ::1 at 2016-03-29 16:17:49 -0400


Started GET "/assets/bootstrap/popover.self-210cff1fb4b72b71a29b5122180cb5937c8145cd13a934dc838280f1d9607a3e.js?body=1" for ::1 at 2016-03-29 16:17:49 -0400


Started GET "/assets/bootstrap-sprockets.self-fbfa5ad7d9aa0afe439ec4ff3883acc4cb92b62cb67c40d674320c9aa1d4642d.js?body=1" for ::1 at 2016-03-29 16:17:49 -0400


Started GET "/assets/application.self-f8806224e027f3e3f0138ea9ce99319e298dfdb323304d1f1be6eae8e8c74724.js?body=1" for ::1 at 2016-03-29 16:17:49 -0400


Started GET "/" for ::1 at 2016-03-29 16:18:08 -0400
Processing by MessagesController#index as HTML
  [1m[35mMessage Load (0.4ms)[0m  SELECT "messages".* FROM "messages"  ORDER BY created_at DESC
  Rendered messages/index.html.erb within layouts/application (6.9ms)
  [1m[36mUser Load (0.2ms)[0m  [1mSELECT  "users".* FROM "users" WHERE "users"."id" = $1  ORDER BY "users"."id" ASC LIMIT 1[0m  [["id", 1]]
Completed 200 OK in 68ms (Views: 60.7ms | ActiveRecord: 4.1ms)


Started GET "/assets/jquery_ujs.self-e87806d0cf4489aeb1bb7288016024e8de67fd18db693fe026fe3907581e53cd.js?body=1" for ::1 at 2016-03-29 16:18:08 -0400


Started GET "/assets/messages.self-877aef30ae1b040ab8a3aba4e3e309a11d7f2612f44dde450b5c157aa5f95c05.js?body=1" for ::1 at 2016-03-29 16:18:08 -0400


Started GET "/assets/application.self-cca2456eaa2aa0757fb22a580f38171acb6c61291bbc8ac00bab323b256d0daf.css?body=1" for ::1 at 2016-03-29 16:18:08 -0400


Started GET "/assets/jquery.self-660adc51e0224b731d29f575a6f1ec167ba08ad06ed5deca4f1e8654c135bf4c.js?body=1" for ::1 at 2016-03-29 16:18:08 -0400


Started GET "/assets/turbolinks.self-c37727e9bd6b2735da5c311aa83fead54ed0be6cc8bd9a65309e9c5abe2cbfff.js?body=1" for ::1 at 2016-03-29 16:18:08 -0400


Started GET "/assets/comments.self-877aef30ae1b040ab8a3aba4e3e309a11d7f2612f44dde450b5c157aa5f95c05.js?body=1" for ::1 at 2016-03-29 16:18:08 -0400


Started GET "/assets/bootstrap/affix.self-3555752f8a930795ee9e56751a52e6871104ae85d01b3ab8363da3802a5ecc78.js?body=1" for ::1 at 2016-03-29 16:18:08 -0400


Started GET "/assets/bootstrap/alert.self-d8b7bd612b3dcfdefb7b5539b9d5848d66ccbd3e7af8bb8d48bfb3288aaa7be8.js?body=1" for ::1 at 2016-03-29 16:18:08 -0400


Started GET "/assets/bootstrap/button.self-e74d33ba39500940a78d6fa4d2d64f6ca7fd86d60a2149641f7fde7ba711d8a1.js?body=1" for ::1 at 2016-03-29 16:18:08 -0400


Started GET "/assets/bootstrap/carousel.self-35d204878d906298e55bc24553e11fd89b980fc4ffe5792fe36af8c0da289c54.js?body=1" for ::1 at 2016-03-29 16:18:08 -0400


Started GET "/assets/bootstrap/collapse.self-056c40532d9f0f126ec17e839f60c942f573fbd61a086e7f156306e3fc5e8c1f.js?body=1" for ::1 at 2016-03-29 16:18:08 -0400


Started GET "/assets/bootstrap/dropdown.self-e56c2ffee4618411d43ecf15c89273f6223847ad756e1cd17545d04afa732ed4.js?body=1" for ::1 at 2016-03-29 16:18:08 -0400


Started GET "/assets/bootstrap/modal.self-62463080dba6b9d024ff0a3192da0e76eacbc683194f3395047c6f5cfa0acb59.js?body=1" for ::1 at 2016-03-29 16:18:08 -0400


Started GET "/assets/bootstrap/scrollspy.self-52afd90e8ba97d9f08617a13986e8869d6c4a45751c0bff59a6f91241e722aca.js?body=1" for ::1 at 2016-03-29 16:18:08 -0400


Started GET "/assets/bootstrap/tab.self-dad0d5c377f9fae26394484535ebb23ccf68afae084f896af6ea4cdf8c9f6ae0.js?body=1" for ::1 at 2016-03-29 16:18:08 -0400


Started GET "/assets/bootstrap/transition.self-3b268d4cd8c79e46ded7392885f72f64ffb5b0d49948a12b8cf9779f6163e13a.js?body=1" for ::1 at 2016-03-29 16:18:08 -0400


Started GET "/assets/bootstrap/tooltip.self-facdc69246a072acb927ded77ff655f7c27a518b9357fddd45d119fbc8a0ab9f.js?body=1" for ::1 at 2016-03-29 16:18:08 -0400


Started GET "/assets/bootstrap/popover.self-210cff1fb4b72b71a29b5122180cb5937c8145cd13a934dc838280f1d9607a3e.js?body=1" for ::1 at 2016-03-29 16:18:08 -0400


Started GET "/assets/bootstrap-sprockets.self-fbfa5ad7d9aa0afe439ec4ff3883acc4cb92b62cb67c40d674320c9aa1d4642d.js?body=1" for ::1 at 2016-03-29 16:18:08 -0400


Started GET "/assets/application.self-f8806224e027f3e3f0138ea9ce99319e298dfdb323304d1f1be6eae8e8c74724.js?body=1" for ::1 at 2016-03-29 16:18:08 -0400


Started GET "/" for ::1 at 2016-03-29 16:18:09 -0400
Processing by MessagesController#index as HTML
  [1m[35mMessage Load (0.3ms)[0m  SELECT "messages".* FROM "messages"  ORDER BY created_at DESC
  Rendered messages/index.html.erb within layouts/application (1.3ms)
  [1m[36mUser Load (0.2ms)[0m  [1mSELECT  "users".* FROM "users" WHERE "users"."id" = $1  ORDER BY "users"."id" ASC LIMIT 1[0m  [["id", 1]]
Completed 200 OK in 56ms (Views: 54.7ms | ActiveRecord: 0.6ms)


Started GET "/assets/jquery.self-660adc51e0224b731d29f575a6f1ec167ba08ad06ed5deca4f1e8654c135bf4c.js?body=1" for ::1 at 2016-03-29 16:18:09 -0400


Started GET "/assets/application.self-cca2456eaa2aa0757fb22a580f38171acb6c61291bbc8ac00bab323b256d0daf.css?body=1" for ::1 at 2016-03-29 16:18:09 -0400


Started GET "/assets/jquery_ujs.self-e87806d0cf4489aeb1bb7288016024e8de67fd18db693fe026fe3907581e53cd.js?body=1" for ::1 at 2016-03-29 16:18:09 -0400


Started GET "/assets/turbolinks.self-c37727e9bd6b2735da5c311aa83fead54ed0be6cc8bd9a65309e9c5abe2cbfff.js?body=1" for ::1 at 2016-03-29 16:18:09 -0400


Started GET "/assets/comments.self-877aef30ae1b040ab8a3aba4e3e309a11d7f2612f44dde450b5c157aa5f95c05.js?body=1" for ::1 at 2016-03-29 16:18:09 -0400


Started GET "/assets/messages.self-877aef30ae1b040ab8a3aba4e3e309a11d7f2612f44dde450b5c157aa5f95c05.js?body=1" for ::1 at 2016-03-29 16:18:09 -0400


Started GET "/assets/bootstrap/affix.self-3555752f8a930795ee9e56751a52e6871104ae85d01b3ab8363da3802a5ecc78.js?body=1" for ::1 at 2016-03-29 16:18:09 -0400


Started GET "/assets/bootstrap/alert.self-d8b7bd612b3dcfdefb7b5539b9d5848d66ccbd3e7af8bb8d48bfb3288aaa7be8.js?body=1" for ::1 at 2016-03-29 16:18:09 -0400


Started GET "/assets/bootstrap/button.self-e74d33ba39500940a78d6fa4d2d64f6ca7fd86d60a2149641f7fde7ba711d8a1.js?body=1" for ::1 at 2016-03-29 16:18:09 -0400


Started GET "/assets/bootstrap/carousel.self-35d204878d906298e55bc24553e11fd89b980fc4ffe5792fe36af8c0da289c54.js?body=1" for ::1 at 2016-03-29 16:18:09 -0400


Started GET "/assets/bootstrap/collapse.self-056c40532d9f0f126ec17e839f60c942f573fbd61a086e7f156306e3fc5e8c1f.js?body=1" for ::1 at 2016-03-29 16:18:09 -0400


Started GET "/assets/bootstrap/dropdown.self-e56c2ffee4618411d43ecf15c89273f6223847ad756e1cd17545d04afa732ed4.js?body=1" for ::1 at 2016-03-29 16:18:09 -0400


Started GET "/assets/bootstrap/modal.self-62463080dba6b9d024ff0a3192da0e76eacbc683194f3395047c6f5cfa0acb59.js?body=1" for ::1 at 2016-03-29 16:18:09 -0400


Started GET "/assets/bootstrap/scrollspy.self-52afd90e8ba97d9f08617a13986e8869d6c4a45751c0bff59a6f91241e722aca.js?body=1" for ::1 at 2016-03-29 16:18:09 -0400


Started GET "/assets/bootstrap/tab.self-dad0d5c377f9fae26394484535ebb23ccf68afae084f896af6ea4cdf8c9f6ae0.js?body=1" for ::1 at 2016-03-29 16:18:09 -0400


Started GET "/assets/bootstrap/transition.self-3b268d4cd8c79e46ded7392885f72f64ffb5b0d49948a12b8cf9779f6163e13a.js?body=1" for ::1 at 2016-03-29 16:18:09 -0400


Started GET "/assets/bootstrap/tooltip.self-facdc69246a072acb927ded77ff655f7c27a518b9357fddd45d119fbc8a0ab9f.js?body=1" for ::1 at 2016-03-29 16:18:09 -0400


Started GET "/assets/bootstrap/popover.self-210cff1fb4b72b71a29b5122180cb5937c8145cd13a934dc838280f1d9607a3e.js?body=1" for ::1 at 2016-03-29 16:18:09 -0400


Started GET "/assets/bootstrap-sprockets.self-fbfa5ad7d9aa0afe439ec4ff3883acc4cb92b62cb67c40d674320c9aa1d4642d.js?body=1" for ::1 at 2016-03-29 16:18:09 -0400


Started GET "/assets/application.self-f8806224e027f3e3f0138ea9ce99319e298dfdb323304d1f1be6eae8e8c74724.js?body=1" for ::1 at 2016-03-29 16:18:09 -0400


Started GET "/messages/new" for ::1 at 2016-03-29 16:18:10 -0400
Processing by MessagesController#new as HTML
  [1m[35mUser Load (0.2ms)[0m  SELECT  "users".* FROM "users" WHERE "users"."id" = $1  ORDER BY "users"."id" ASC LIMIT 1  [["id", 1]]
  Rendered messages/_form.html.erb (12.0ms)
  Rendered messages/new.html.erb within layouts/application (13.5ms)
Completed 200 OK in 71ms (Views: 64.2ms | ActiveRecord: 0.2ms)


Started POST "/messages" for ::1 at 2016-03-29 16:18:12 -0400
Processing by MessagesController#create as HTML
  Parameters: {"utf8"=>"✓", "authenticity_token"=>"szk5yoR3MpLSEJ7ThFGyFnecifnNTUo06OqPa1iiqQVv1e8Gq7nHdZqFP5lv9NIk0JqDoWWWPK3VBeiaTfwE2A==", "message"=>{"title"=>"ad", "description"=>"ad"}, "commit"=>"Create Message"}
  [1m[36mUser Load (0.6ms)[0m  [1mSELECT  "users".* FROM "users" WHERE "users"."id" = $1  ORDER BY "users"."id" ASC LIMIT 1[0m  [["id", 1]]
  [1m[35m (0.5ms)[0m  BEGIN
  [1m[36mSQL (0.3ms)[0m  [1mINSERT INTO "messages" ("title", "description", "user_id", "created_at", "updated_at") VALUES ($1, $2, $3, $4, $5) RETURNING "id"[0m  [["title", "ad"], ["description", "ad"], ["user_id", 1], ["created_at", "2016-03-29 20:18:12.432567"], ["updated_at", "2016-03-29 20:18:12.432567"]]
  [1m[35m (0.3ms)[0m  COMMIT
Redirected to http://localhost:3000/
Completed 302 Found in 11ms (ActiveRecord: 1.8ms)


Started GET "/" for ::1 at 2016-03-29 16:18:12 -0400
Processing by MessagesController#index as HTML
  [1m[36mMessage Load (0.3ms)[0m  [1mSELECT "messages".* FROM "messages"  ORDER BY created_at DESC[0m
  Rendered messages/index.html.erb within layouts/application (1.3ms)
  [1m[35mUser Load (0.3ms)[0m  SELECT  "users".* FROM "users" WHERE "users"."id" = $1  ORDER BY "users"."id" ASC LIMIT 1  [["id", 1]]
Completed 200 OK in 71ms (Views: 69.3ms | ActiveRecord: 0.6ms)


Started GET "/" for ::1 at 2016-03-29 16:20:59 -0400
Processing by MessagesController#index as HTML
  [1m[36mMessage Load (0.3ms)[0m  [1mSELECT "messages".* FROM "messages"  ORDER BY created_at DESC[0m
  Rendered messages/index.html.erb within layouts/application (6.3ms)
  [1m[35mUser Load (0.3ms)[0m  SELECT  "users".* FROM "users" WHERE "users"."id" = $1  ORDER BY "users"."id" ASC LIMIT 1  [["id", 1]]
Completed 200 OK in 79ms (Views: 71.0ms | ActiveRecord: 4.3ms)


Started GET "/messages/new" for ::1 at 2016-03-29 16:21:02 -0400
Processing by MessagesController#new as HTML
  [1m[36mUser Load (0.3ms)[0m  [1mSELECT  "users".* FROM "users" WHERE "users"."id" = $1  ORDER BY "users"."id" ASC LIMIT 1[0m  [["id", 1]]
  Rendered messages/_form.html.erb (4.3ms)
  Rendered messages/new.html.erb within layouts/application (5.9ms)
Completed 200 OK in 66ms (Views: 57.7ms | ActiveRecord: 0.3ms)


Started POST "/messages" for ::1 at 2016-03-29 16:21:04 -0400
Processing by MessagesController#create as HTML
  Parameters: {"utf8"=>"✓", "authenticity_token"=>"QU9ojagDZO7owRW356uFF5wRgSQ6k+UQf7aWHjKVlgKdo75Bh82RCaBUtP0MDuUlOxeLfJJIk4lCWfHvJ8s73w==", "message"=>{"title"=>"sad", "description"=>"ad"}, "commit"=>"Create Message"}
  [1m[35mUser Load (0.4ms)[0m  SELECT  "users".* FROM "users" WHERE "users"."id" = $1  ORDER BY "users"."id" ASC LIMIT 1  [["id", 1]]
  [1m[36m (0.1ms)[0m  [1mBEGIN[0m
  [1m[35mSQL (0.2ms)[0m  INSERT INTO "messages" ("title", "description", "user_id", "created_at", "updated_at") VALUES ($1, $2, $3, $4, $5) RETURNING "id"  [["title", "sad"], ["description", "ad"], ["user_id", 1], ["created_at", "2016-03-29 20:21:04.239753"], ["updated_at", "2016-03-29 20:21:04.239753"]]
  [1m[36m (0.3ms)[0m  [1mCOMMIT[0m
Redirected to http://localhost:3000/
Completed 302 Found in 9ms (ActiveRecord: 1.1ms)


Started GET "/" for ::1 at 2016-03-29 16:21:04 -0400
Processing by MessagesController#index as HTML
  [1m[35mMessage Load (0.3ms)[0m  SELECT "messages".* FROM "messages"  ORDER BY created_at DESC
  Rendered messages/index.html.erb within layouts/application (2.3ms)
  [1m[36mUser Load (0.7ms)[0m  [1mSELECT  "users".* FROM "users" WHERE "users"."id" = $1  ORDER BY "users"."id" ASC LIMIT 1[0m  [["id", 1]]
Completed 200 OK in 78ms (Views: 76.4ms | ActiveRecord: 1.0ms)


Started GET "/messages/5" for ::1 at 2016-03-29 16:21:06 -0400
Processing by MessagesController#show as HTML
  Parameters: {"id"=>"5"}
  [1m[35mMessage Load (0.3ms)[0m  SELECT  "messages".* FROM "messages" WHERE "messages"."id" = $1 LIMIT 1  [["id", 5]]
  [1m[36mUser Load (0.5ms)[0m  [1mSELECT  "users".* FROM "users" WHERE "users"."id" = $1 LIMIT 1[0m  [["id", 1]]
  [1m[35mComment Load (0.3ms)[0m  SELECT "comments".* FROM "comments" WHERE "comments"."message_id" = $1  [["message_id", 5]]
  Rendered collection (0.0ms)
  Rendered comments/_form.html.erb (13.9ms)
  [1m[36mUser Load (0.2ms)[0m  [1mSELECT  "users".* FROM "users" WHERE "users"."id" = $1  ORDER BY "users"."id" ASC LIMIT 1[0m  [["id", 1]]
  Rendered messages/show.html.erb within layouts/application (28.2ms)
Completed 200 OK in 103ms (Views: 98.0ms | ActiveRecord: 3.1ms)


Started GET "/" for ::1 at 2016-03-29 16:22:43 -0400
Processing by MessagesController#index as HTML
  [1m[35mMessage Load (0.4ms)[0m  SELECT "messages".* FROM "messages"  ORDER BY created_at DESC
  Rendered messages/index.html.erb within layouts/application (7.0ms)
  [1m[36mUser Load (0.3ms)[0m  [1mSELECT  "users".* FROM "users" WHERE "users"."id" = $1  ORDER BY "users"."id" ASC LIMIT 1[0m  [["id", 1]]
Completed 200 OK in 110ms (Views: 100.7ms | ActiveRecord: 5.2ms)


Started GET "/messages/new" for ::1 at 2016-03-29 16:22:44 -0400
Processing by MessagesController#new as HTML
  [1m[35mUser Load (0.2ms)[0m  SELECT  "users".* FROM "users" WHERE "users"."id" = $1  ORDER BY "users"."id" ASC LIMIT 1  [["id", 1]]
  Rendered messages/_form.html.erb (9.4ms)
  Rendered messages/new.html.erb within layouts/application (11.7ms)
Completed 200 OK in 101ms (Views: 82.5ms | ActiveRecord: 0.2ms)


Started POST "/messages" for ::1 at 2016-03-29 16:22:46 -0400
Processing by MessagesController#create as HTML
  Parameters: {"utf8"=>"✓", "authenticity_token"=>"6oIeDJsgDYBiGb4PebB0+LZ1r4KJwUJzF0njyJqEcn82bsjAtO74ZyqMH0WSFRTKEXOl2iEaNOoqpoQ5j9rfog==", "message"=>{"title"=>"ad", "description"=>"ad"}, "commit"=>"Create Message"}
  [1m[36mUser Load (0.3ms)[0m  [1mSELECT  "users".* FROM "users" WHERE "users"."id" = $1  ORDER BY "users"."id" ASC LIMIT 1[0m  [["id", 1]]
  [1m[35m (0.1ms)[0m  BEGIN
  [1m[36mSQL (0.2ms)[0m  [1mINSERT INTO "messages" ("title", "description", "user_id", "created_at", "updated_at") VALUES ($1, $2, $3, $4, $5) RETURNING "id"[0m  [["title", "ad"], ["description", "ad"], ["user_id", 1], ["created_at", "2016-03-29 20:22:46.481794"], ["updated_at", "2016-03-29 20:22:46.481794"]]
  [1m[35m (0.4ms)[0m  COMMIT
Completed 500 Internal Server Error in 15ms (ActiveRecord: 1.0ms)

NoMethodError (undefined method `authorize!' for #<MessagesController:0x007fddb9da64b8>):
  app/controllers/messages_controller.rb:25:in `create'


  Rendered /Users/Rebecca/.rvm/gems/ruby-2.2.3/gems/actionpack-4.2.5.1/lib/action_dispatch/middleware/templates/rescues/_source.erb (4.4ms)
  Rendered /Users/Rebecca/.rvm/gems/ruby-2.2.3/gems/actionpack-4.2.5.1/lib/action_dispatch/middleware/templates/rescues/_trace.html.erb (3.0ms)
  Rendered /Users/Rebecca/.rvm/gems/ruby-2.2.3/gems/actionpack-4.2.5.1/lib/action_dispatch/middleware/templates/rescues/_request_and_response.html.erb (1.6ms)
  Rendered /Users/Rebecca/.rvm/gems/ruby-2.2.3/gems/actionpack-4.2.5.1/lib/action_dispatch/middleware/templates/rescues/diagnostics.html.erb within rescues/layout (67.8ms)
  Rendered /Users/Rebecca/.rvm/gems/ruby-2.2.3/gems/web-console-2.3.0/lib/web_console/templates/_markup.html.erb (0.4ms)
  Rendered /Users/Rebecca/.rvm/gems/ruby-2.2.3/gems/web-console-2.3.0/lib/web_console/templates/_inner_console_markup.html.erb within layouts/inlined_string (0.4ms)
  Rendered /Users/Rebecca/.rvm/gems/ruby-2.2.3/gems/web-console-2.3.0/lib/web_console/templates/_prompt_box_markup.html.erb within layouts/inlined_string (0.3ms)
  Rendered /Users/Rebecca/.rvm/gems/ruby-2.2.3/gems/web-console-2.3.0/lib/web_console/templates/style.css.erb within layouts/inlined_string (0.4ms)
  Rendered /Users/Rebecca/.rvm/gems/ruby-2.2.3/gems/web-console-2.3.0/lib/web_console/templates/console.js.erb within layouts/javascript (47.0ms)
  Rendered /Users/Rebecca/.rvm/gems/ruby-2.2.3/gems/web-console-2.3.0/lib/web_console/templates/main.js.erb within layouts/javascript (0.5ms)
  Rendered /Users/Rebecca/.rvm/gems/ruby-2.2.3/gems/web-console-2.3.0/lib/web_console/templates/error_page.js.erb within layouts/javascript (0.4ms)
  Rendered /Users/Rebecca/.rvm/gems/ruby-2.2.3/gems/web-console-2.3.0/lib/web_console/templates/index.html.erb (107.7ms)


Started GET "/messages/new" for ::1 at 2016-03-29 16:22:55 -0400
Processing by MessagesController#new as HTML
  [1m[36mUser Load (0.2ms)[0m  [1mSELECT  "users".* FROM "users" WHERE "users"."id" = $1  ORDER BY "users"."id" ASC LIMIT 1[0m  [["id", 1]]
  Rendered messages/_form.html.erb (6.1ms)
  Rendered messages/new.html.erb within layouts/application (7.8ms)
Completed 200 OK in 91ms (Views: 59.4ms | ActiveRecord: 5.6ms)


Started GET "/assets/application.self-cca2456eaa2aa0757fb22a580f38171acb6c61291bbc8ac00bab323b256d0daf.css?body=1" for ::1 at 2016-03-29 16:22:56 -0400


Started GET "/assets/turbolinks.self-c37727e9bd6b2735da5c311aa83fead54ed0be6cc8bd9a65309e9c5abe2cbfff.js?body=1" for ::1 at 2016-03-29 16:22:56 -0400


Started GET "/assets/comments.self-877aef30ae1b040ab8a3aba4e3e309a11d7f2612f44dde450b5c157aa5f95c05.js?body=1" for ::1 at 2016-03-29 16:22:56 -0400


Started GET "/assets/jquery.self-660adc51e0224b731d29f575a6f1ec167ba08ad06ed5deca4f1e8654c135bf4c.js?body=1" for ::1 at 2016-03-29 16:22:56 -0400


Started GET "/assets/messages.self-877aef30ae1b040ab8a3aba4e3e309a11d7f2612f44dde450b5c157aa5f95c05.js?body=1" for ::1 at 2016-03-29 16:22:56 -0400


Started GET "/assets/jquery_ujs.self-e87806d0cf4489aeb1bb7288016024e8de67fd18db693fe026fe3907581e53cd.js?body=1" for ::1 at 2016-03-29 16:22:56 -0400


Started GET "/assets/bootstrap/affix.self-3555752f8a930795ee9e56751a52e6871104ae85d01b3ab8363da3802a5ecc78.js?body=1" for ::1 at 2016-03-29 16:22:56 -0400


Started GET "/assets/bootstrap/alert.self-d8b7bd612b3dcfdefb7b5539b9d5848d66ccbd3e7af8bb8d48bfb3288aaa7be8.js?body=1" for ::1 at 2016-03-29 16:22:56 -0400


Started GET "/assets/bootstrap/button.self-e74d33ba39500940a78d6fa4d2d64f6ca7fd86d60a2149641f7fde7ba711d8a1.js?body=1" for ::1 at 2016-03-29 16:22:56 -0400


Started GET "/assets/bootstrap/carousel.self-35d204878d906298e55bc24553e11fd89b980fc4ffe5792fe36af8c0da289c54.js?body=1" for ::1 at 2016-03-29 16:22:56 -0400


Started GET "/assets/bootstrap/collapse.self-056c40532d9f0f126ec17e839f60c942f573fbd61a086e7f156306e3fc5e8c1f.js?body=1" for ::1 at 2016-03-29 16:22:56 -0400


Started GET "/assets/bootstrap/dropdown.self-e56c2ffee4618411d43ecf15c89273f6223847ad756e1cd17545d04afa732ed4.js?body=1" for ::1 at 2016-03-29 16:22:56 -0400


Started GET "/assets/bootstrap/modal.self-62463080dba6b9d024ff0a3192da0e76eacbc683194f3395047c6f5cfa0acb59.js?body=1" for ::1 at 2016-03-29 16:22:56 -0400


Started GET "/assets/bootstrap/scrollspy.self-52afd90e8ba97d9f08617a13986e8869d6c4a45751c0bff59a6f91241e722aca.js?body=1" for ::1 at 2016-03-29 16:22:56 -0400


Started GET "/assets/bootstrap/tab.self-dad0d5c377f9fae26394484535ebb23ccf68afae084f896af6ea4cdf8c9f6ae0.js?body=1" for ::1 at 2016-03-29 16:22:56 -0400


Started GET "/assets/bootstrap/transition.self-3b268d4cd8c79e46ded7392885f72f64ffb5b0d49948a12b8cf9779f6163e13a.js?body=1" for ::1 at 2016-03-29 16:22:56 -0400


Started GET "/assets/bootstrap/tooltip.self-facdc69246a072acb927ded77ff655f7c27a518b9357fddd45d119fbc8a0ab9f.js?body=1" for ::1 at 2016-03-29 16:22:56 -0400


Started GET "/assets/bootstrap/popover.self-210cff1fb4b72b71a29b5122180cb5937c8145cd13a934dc838280f1d9607a3e.js?body=1" for ::1 at 2016-03-29 16:22:56 -0400


Started GET "/assets/bootstrap-sprockets.self-fbfa5ad7d9aa0afe439ec4ff3883acc4cb92b62cb67c40d674320c9aa1d4642d.js?body=1" for ::1 at 2016-03-29 16:22:56 -0400


Started GET "/assets/application.self-f8806224e027f3e3f0138ea9ce99319e298dfdb323304d1f1be6eae8e8c74724.js?body=1" for ::1 at 2016-03-29 16:22:56 -0400


Started POST "/messages" for ::1 at 2016-03-29 16:22:58 -0400
Processing by MessagesController#create as HTML
  Parameters: {"utf8"=>"✓", "authenticity_token"=>"qFXIha6VXH/dKn2jEwzaMG35x6lzzk+IuAT2yz4KBeh0uR5JgVupmJW/3On4qboCyv/N8dsVORGF65E6K1SoNQ==", "message"=>{"title"=>"sda", "description"=>"ad"}, "commit"=>"Create Message"}
  [1m[35mUser Load (0.3ms)[0m  SELECT  "users".* FROM "users" WHERE "users"."id" = $1  ORDER BY "users"."id" ASC LIMIT 1  [["id", 1]]
  [1m[36m (1.1ms)[0m  [1mBEGIN[0m
  [1m[35mSQL (0.4ms)[0m  INSERT INTO "messages" ("title", "description", "user_id", "created_at", "updated_at") VALUES ($1, $2, $3, $4, $5) RETURNING "id"  [["title", "sda"], ["description", "ad"], ["user_id", 1], ["created_at", "2016-03-29 20:22:58.223597"], ["updated_at", "2016-03-29 20:22:58.223597"]]
  [1m[36m (0.7ms)[0m  [1mCOMMIT[0m
  [1m[35m (0.5ms)[0m  BEGIN
  [1m[36mSQL (0.3ms)[0m  [1mINSERT INTO "messages" ("title", "description", "user_id", "created_at", "updated_at") VALUES ($1, $2, $3, $4, $5) RETURNING "id"[0m  [["title", "sda"], ["description", "ad"], ["user_id", 1], ["created_at", "2016-03-29 20:22:58.231215"], ["updated_at", "2016-03-29 20:22:58.231215"]]
  [1m[35m (0.3ms)[0m  COMMIT
Redirected to http://localhost:3000/
Completed 302 Found in 15ms (ActiveRecord: 3.6ms)


Started GET "/" for ::1 at 2016-03-29 16:22:58 -0400
Processing by MessagesController#index as HTML
  [1m[36mMessage Load (0.3ms)[0m  [1mSELECT "messages".* FROM "messages"  ORDER BY created_at DESC[0m
  Rendered messages/index.html.erb within layouts/application (1.7ms)
  [1m[35mUser Load (0.3ms)[0m  SELECT  "users".* FROM "users" WHERE "users"."id" = $1  ORDER BY "users"."id" ASC LIMIT 1  [["id", 1]]
Completed 200 OK in 72ms (Views: 70.7ms | ActiveRecord: 0.7ms)
